<?xml version="1.0" encoding="UTF-8"?>
<!-- Generated by org.testng.reporters.JUnitReportReporter -->
<testsuite hostname="DESKTOP-I3EH5DN" failures="0" tests="5" name="com.comcast.ofd.Admin.AdminLogin" time="98.633" errors="0" timestamp="2025-04-03T16:11:05 IST" skipped="0">
  <testcase classname="com.comcast.ofd.Admin.AdminLogin" name="AdminLogin" time="13.900"/>
  <system-out/>
  <testcase classname="com.comcast.ofd.Admin.AdminLogin" name="DeleteOrder" time="21.609"/>
  <system-out/>
  <testcase classname="com.comcast.ofd.Admin.AdminLogin" name="AddCateogry" time="16.557"/>
  <system-out/>
  <testcase classname="com.comcast.ofd.Admin.AdminLogin" name="ViewOrderDetails" time="24.972"/>
  <system-out/>
  <testcase classname="com.comcast.ofd.Admin.AdminLogin" name="CreateResturant" time="21.595"/>
  <system-out/>
</testsuite> <!-- com.comcast.ofd.Admin.AdminLogin -->
