<?xml version="1.0" encoding="UTF-8"?>
<!-- Generated by org.testng.reporters.JUnitReportReporter -->
<testsuite hostname="DESKTOP-I3EH5DN" failures="0" tests="3" name="com.comcast.ofd.User.CreateUser" time="47.664" errors="0" timestamp="2025-04-03T16:11:05 IST" skipped="0">
  <testcase classname="com.comcast.ofd.User.CreateUser" name="CreateUser" time="13.152"/>
  <system-out/>
  <testcase classname="com.comcast.ofd.User.CreateUser" name="UserLogin" time="12.023"/>
  <system-out/>
  <testcase classname="com.comcast.ofd.User.CreateUser" name="Placeorder" time="22.489"/>
  <system-out/>
</testsuite> <!-- com.comcast.ofd.User.CreateUser -->
